# JRE version: OpenJDK Runtime Environment (8.0_152-b01) (build 1.8.0_152-release-1248-b01)
# Java VM: OpenJDK 64-Bit Server VM (25.152-b01 mixed mode windows-amd64 compressed oops)
Heap:
 PSYoungGen      total 244224K, used 146130K [0x00000000e0000000, 0x00000000f0700000, 0x0000000100000000)
  eden space 227328K, 64% used [0x00000000e0000000,0x00000000e8eb4aa8,0x00000000ede00000)
  from space 16896K, 0% used [0x00000000ef280000,0x00000000ef280000,0x00000000f0300000)
  to   space 20992K, 0% used [0x00000000ede00000,0x00000000ede00000,0x00000000ef280000)
 ParOldGen       total 114688K, used 34297K [0x00000000a0000000, 0x00000000a7000000, 0x00000000e0000000)
  object space 114688K, 29% used [0x00000000a0000000,0x00000000a217e460,0x00000000a7000000)
 Metaspace       used 60004K, capacity 61566K, committed 61864K, reserved 1101824K
  class space    used 8110K, capacity 8512K, committed 8624K, reserved 1048576K
GC Heap History (10 events):
Event: 6.608 GC heap before
{Heap before GC invocations=9 (full 1):
 PSYoungGen      total 132096K, used 12381K [0x00000000e0000000, 0x00000000eb500000, 0x0000000100000000)
  eden space 121856K, 1% used [0x00000000e0000000,0x00000000e021cb40,0x00000000e7700000)
  from space 10240K, 99% used [0x00000000e7700000,0x00000000e80faa18,0x00000000e8100000)
  to   space 12800K, 0% used [0x00000000ea880000,0x00000000ea880000,0x00000000eb500000)
 ParOldGen       total 62464K, used 11943K [0x00000000a0000000, 0x00000000a3d00000, 0x00000000e0000000)
  object space 62464K, 19% used [0x00000000a0000000,0x00000000a0ba9cb0,0x00000000a3d00000)
 Metaspace       used 34574K, capacity 35230K, committed 35496K, reserved 1079296K
  class space    used 4815K, capacity 5033K, committed 5040K, reserved 1048576K
Event: 6.623 GC heap after
Heap after GC invocations=9 (full 1):
 PSYoungGen      total 173056K, used 7152K [0x00000000e0000000, 0x00000000ef880000, 0x0000000100000000)
  eden space 160256K, 0% used [0x00000000e0000000,0x00000000e0000000,0x00000000e9c80000)
  from space 12800K, 55% used [0x00000000ea880000,0x00000000eaf7c010,0x00000000eb500000)
  to   space 12288K, 0% used [0x00000000e9c80000,0x00000000e9c80000,0x00000000ea880000)
 ParOldGen       total 62464K, used 11951K [0x00000000a0000000, 0x00000000a3d00000, 0x00000000e0000000)
  object space 62464K, 19% used [0x00000000a0000000,0x00000000a0babcb0,0x00000000a3d00000)
 Metaspace       used 34574K, capacity 35230K, committed 35496K, reserved 1079296K
  class space    used 4815K, capacity 5033K, committed 5040K, reserved 1048576K
}
Event: 6.623 GC heap before
{Heap before GC invocations=10 (full 2):
 PSYoungGen      total 173056K, used 7152K [0x00000000e0000000, 0x00000000ef880000, 0x0000000100000000)
  eden space 160256K, 0% used [0x00000000e0000000,0x00000000e0000000,0x00000000e9c80000)
  from space 12800K, 55% used [0x00000000ea880000,0x00000000eaf7c010,0x00000000eb500000)
  to   space 12288K, 0% used [0x00000000e9c80000,0x00000000e9c80000,0x00000000ea880000)
 ParOldGen       total 62464K, used 11951K [0x00000000a0000000, 0x00000000a3d00000, 0x00000000e0000000)
  object space 62464K, 19% used [0x00000000a0000000,0x00000000a0babcb0,0x00000000a3d00000)
 Metaspace       used 34574K, capacity 35230K, committed 35496K, reserved 1079296K
  class space    used 4815K, capacity 5033K, committed 5040K, reserved 1048576K
Event: 6.727 GC heap after
Heap after GC invocations=10 (full 2):
 PSYoungGen      total 173056K, used 0K [0x00000000e0000000, 0x00000000ef880000, 0x0000000100000000)
  eden space 160256K, 0% used [0x00000000e0000000,0x00000000e0000000,0x00000000e9c80000)
  from space 12800K, 0% used [0x00000000ea880000,0x00000000ea880000,0x00000000eb500000)
  to   space 12288K, 0% used [0x00000000e9c80000,0x00000000e9c80000,0x00000000ea880000)
 ParOldGen       total 77824K, used 14045K [0x00000000a0000000, 0x00000000a4c00000, 0x00000000e0000000)
  object space 77824K, 18% used [0x00000000a0000000,0x00000000a0db7770,0x00000000a4c00000)
 Metaspace       used 34574K, capacity 35230K, committed 35496K, reserved 1079296K
  class space    used 4815K, capacity 5033K, committed 5040K, reserved 1048576K
}
Event: 8.867 GC heap before
{Heap before GC invocations=11 (full 2):
 PSYoungGen      total 173056K, used 160256K [0x00000000e0000000, 0x00000000ef880000, 0x0000000100000000)
  eden space 160256K, 100% used [0x00000000e0000000,0x00000000e9c80000,0x00000000e9c80000)
  from space 12800K, 0% used [0x00000000ea880000,0x00000000ea880000,0x00000000eb500000)
  to   space 12288K, 0% used [0x00000000e9c80000,0x00000000e9c80000,0x00000000ea880000)
 ParOldGen       total 77824K, used 14045K [0x00000000a0000000, 0x00000000a4c00000, 0x00000000e0000000)
  object space 77824K, 18% used [0x00000000a0000000,0x00000000a0db7770,0x00000000a4c00000)
 Metaspace       used 50244K, capacity 51386K, committed 51496K, reserved 1093632K
  class space    used 6771K, capacity 7106K, committed 7216K, reserved 1048576K
Event: 8.897 GC heap after
Heap after GC invocations=11 (full 2):
 PSYoungGen      total 172544K, used 12259K [0x00000000e0000000, 0x00000000f0300000, 0x0000000100000000)
  eden space 160256K, 0% used [0x00000000e0000000,0x00000000e0000000,0x00000000e9c80000)
  from space 12288K, 99% used [0x00000000e9c80000,0x00000000ea878e78,0x00000000ea880000)
  to   space 16896K, 0% used [0x00000000ef280000,0x00000000ef280000,0x00000000f0300000)
 ParOldGen       total 77824K, used 22041K [0x00000000a0000000, 0x00000000a4c00000, 0x00000000e0000000)
  object space 77824K, 28% used [0x00000000a0000000,0x00000000a1586510,0x00000000a4c00000)
 Metaspace       used 50244K, capacity 51386K, committed 51496K, reserved 1093632K
  class space    used 6771K, capacity 7106K, committed 7216K, reserved 1048576K
}
Event: 10.138 GC heap before
{Heap before GC invocations=12 (full 2):
 PSYoungGen      total 172544K, used 116320K [0x00000000e0000000, 0x00000000f0300000, 0x0000000100000000)
  eden space 160256K, 64% used [0x00000000e0000000,0x00000000e659f378,0x00000000e9c80000)
  from space 12288K, 99% used [0x00000000e9c80000,0x00000000ea878e78,0x00000000ea880000)
  to   space 16896K, 0% used [0x00000000ef280000,0x00000000ef280000,0x00000000f0300000)
 ParOldGen       total 77824K, used 22041K [0x00000000a0000000, 0x00000000a4c00000, 0x00000000e0000000)
  object space 77824K, 28% used [0x00000000a0000000,0x00000000a1586510,0x00000000a4c00000)
 Metaspace       used 57495K, capacity 59040K, committed 59160K, reserved 1099776K
  class space    used 7877K, capacity 8299K, committed 8368K, reserved 1048576K
Event: 10.165 GC heap after
Heap after GC invocations=12 (full 2):
 PSYoungGen      total 244224K, used 16891K [0x00000000e0000000, 0x00000000f0700000, 0x0000000100000000)
  eden space 227328K, 0% used [0x00000000e0000000,0x00000000e0000000,0x00000000ede00000)
  from space 16896K, 99% used [0x00000000ef280000,0x00000000f02fef60,0x00000000f0300000)
  to   space 20992K, 0% used [0x00000000ede00000,0x00000000ede00000,0x00000000ef280000)
 ParOldGen       total 77824K, used 26206K [0x00000000a0000000, 0x00000000a4c00000, 0x00000000e0000000)
  object space 77824K, 33% used [0x00000000a0000000,0x00000000a19978a8,0x00000000a4c00000)
 Metaspace       used 57495K, capacity 59040K, committed 59160K, reserved 1099776K
  class space    used 7877K, capacity 8299K, committed 8368K, reserved 1048576K
}
Event: 10.165 GC heap before
{Heap before GC invocations=13 (full 3):
 PSYoungGen      total 244224K, used 16891K [0x00000000e0000000, 0x00000000f0700000, 0x0000000100000000)
  eden space 227328K, 0% used [0x00000000e0000000,0x00000000e0000000,0x00000000ede00000)
  from space 16896K, 99% used [0x00000000ef280000,0x00000000f02fef60,0x00000000f0300000)
  to   space 20992K, 0% used [0x00000000ede00000,0x00000000ede00000,0x00000000ef280000)
 ParOldGen       total 77824K, used 26206K [0x00000000a0000000, 0x00000000a4c00000, 0x00000000e0000000)
  object space 77824K, 33% used [0x00000000a0000000,0x00000000a19978a8,0x00000000a4c00000)
 Metaspace       used 57495K, capacity 59040K, committed 59160K, reserved 1099776K
  class space    used 7877K, capacity 8299K, committed 8368K, reserved 1048576K
Event: 10.388 GC heap after
Heap after GC invocations=13 (full 3):
 PSYoungGen      total 244224K, used 0K [0x00000000e0000000, 0x00000000f0700000, 0x0000000100000000)
  eden space 227328K, 0% used [0x00000000e0000000,0x00000000e0000000,0x00000000ede00000)
  from space 16896K, 0% used [0x00000000ef280000,0x00000000ef280000,0x00000000f0300000)
  to   space 20992K, 0% used [0x00000000ede00000,0x00000000ede00000,0x00000000ef280000)
 ParOldGen       total 114688K, used 34297K [0x00000000a0000000, 0x00000000a7000000, 0x00000000e0000000)
  object space 114688K, 29% used [0x00000000a0000000,0x00000000a217e460,0x00000000a7000000)
 Metaspace       used 57495K, capacity 59040K, committed 59160K, reserved 1099776K
  class space    used 7877K, capacity 8299K, committed 8368K, reserved 1048576K
}

