# JRE version: OpenJDK Runtime Environment (8.0_152-b01) (build 1.8.0_152-release-1248-b01)
# Java VM: OpenJDK 64-Bit Server VM (25.152-b01 mixed mode windows-amd64 compressed oops)
Heap:
 PSYoungGen      total 120832K, used 103016K [0x00000000e0000000, 0x00000000ea100000, 0x0000000100000000)
  eden space 103936K, 89% used [0x00000000e0000000,0x00000000e5ab2be8,0x00000000e6580000)
  from space 16896K, 60% used [0x00000000e6580000,0x00000000e6f675a8,0x00000000e7600000)
  to   space 16384K, 0% used [0x00000000e9100000,0x00000000e9100000,0x00000000ea100000)
 ParOldGen       total 137216K, used 28185K [0x00000000a0000000, 0x00000000a8600000, 0x00000000e0000000)
  object space 137216K, 20% used [0x00000000a0000000,0x00000000a1b86560,0x00000000a8600000)
 Metaspace       used 66251K, capacity 67892K, committed 68248K, reserved 1107968K
  class space    used 8841K, capacity 9285K, committed 9376K, reserved 1048576K
GC Heap History (10 events):
Event: 20.372 GC heap before
{Heap before GC invocations=14 (full 2):
 PSYoungGen      total 77824K, used 75818K [0x00000000e0000000, 0x00000000e6a80000, 0x0000000100000000)
  eden space 66048K, 100% used [0x00000000e0000000,0x00000000e4080000,0x00000000e4080000)
  from space 11776K, 82% used [0x00000000e4080000,0x00000000e4a0a830,0x00000000e4c00000)
  to   space 12288K, 0% used [0x00000000e5e80000,0x00000000e5e80000,0x00000000e6a80000)
 ParOldGen       total 100352K, used 16260K [0x00000000a0000000, 0x00000000a6200000, 0x00000000e0000000)
  object space 100352K, 16% used [0x00000000a0000000,0x00000000a0fe1028,0x00000000a6200000)
 Metaspace       used 47909K, capacity 48808K, committed 49064K, reserved 1091584K
  class space    used 6478K, capacity 6795K, committed 6832K, reserved 1048576K
Event: 20.390 GC heap after
Heap after GC invocations=14 (full 2):
 PSYoungGen      total 94720K, used 12287K [0x00000000e0000000, 0x00000000e6e00000, 0x0000000100000000)
  eden space 82432K, 0% used [0x00000000e0000000,0x00000000e0000000,0x00000000e5080000)
  from space 12288K, 99% used [0x00000000e5e80000,0x00000000e6a7fd20,0x00000000e6a80000)
  to   space 14336K, 0% used [0x00000000e5080000,0x00000000e5080000,0x00000000e5e80000)
 ParOldGen       total 100352K, used 17389K [0x00000000a0000000, 0x00000000a6200000, 0x00000000e0000000)
  object space 100352K, 17% used [0x00000000a0000000,0x00000000a10fb508,0x00000000a6200000)
 Metaspace       used 47909K, capacity 48808K, committed 49064K, reserved 1091584K
  class space    used 6478K, capacity 6795K, committed 6832K, reserved 1048576K
}
Event: 23.884 GC heap before
{Heap before GC invocations=15 (full 2):
 PSYoungGen      total 94720K, used 94719K [0x00000000e0000000, 0x00000000e6e00000, 0x0000000100000000)
  eden space 82432K, 100% used [0x00000000e0000000,0x00000000e5080000,0x00000000e5080000)
  from space 12288K, 99% used [0x00000000e5e80000,0x00000000e6a7fd20,0x00000000e6a80000)
  to   space 14336K, 0% used [0x00000000e5080000,0x00000000e5080000,0x00000000e5e80000)
 ParOldGen       total 100352K, used 17389K [0x00000000a0000000, 0x00000000a6200000, 0x00000000e0000000)
  object space 100352K, 17% used [0x00000000a0000000,0x00000000a10fb508,0x00000000a6200000)
 Metaspace       used 56021K, capacity 57300K, committed 57640K, reserved 1099776K
  class space    used 7476K, capacity 7861K, committed 7984K, reserved 1048576K
Event: 23.903 GC heap after
Heap after GC invocations=15 (full 2):
 PSYoungGen      total 96768K, used 14316K [0x00000000e0000000, 0x00000000e8700000, 0x0000000100000000)
  eden space 82432K, 0% used [0x00000000e0000000,0x00000000e0000000,0x00000000e5080000)
  from space 14336K, 99% used [0x00000000e5080000,0x00000000e5e7b348,0x00000000e5e80000)
  to   space 17408K, 0% used [0x00000000e7600000,0x00000000e7600000,0x00000000e8700000)
 ParOldGen       total 100352K, used 20788K [0x00000000a0000000, 0x00000000a6200000, 0x00000000e0000000)
  object space 100352K, 20% used [0x00000000a0000000,0x00000000a144d3a8,0x00000000a6200000)
 Metaspace       used 56021K, capacity 57300K, committed 57640K, reserved 1099776K
  class space    used 7476K, capacity 7861K, committed 7984K, reserved 1048576K
}
Event: 24.483 GC heap before
{Heap before GC invocations=16 (full 2):
 PSYoungGen      total 96768K, used 33644K [0x00000000e0000000, 0x00000000e8700000, 0x0000000100000000)
  eden space 82432K, 23% used [0x00000000e0000000,0x00000000e12dfea0,0x00000000e5080000)
  from space 14336K, 99% used [0x00000000e5080000,0x00000000e5e7b348,0x00000000e5e80000)
  to   space 17408K, 0% used [0x00000000e7600000,0x00000000e7600000,0x00000000e8700000)
 ParOldGen       total 100352K, used 20788K [0x00000000a0000000, 0x00000000a6200000, 0x00000000e0000000)
  object space 100352K, 20% used [0x00000000a0000000,0x00000000a144d3a8,0x00000000a6200000)
 Metaspace       used 57714K, capacity 59104K, committed 59160K, reserved 1099776K
  class space    used 7754K, capacity 8171K, committed 8224K, reserved 1048576K
Event: 24.509 GC heap after
Heap after GC invocations=16 (full 2):
 PSYoungGen      total 121344K, used 9679K [0x00000000e0000000, 0x00000000e8e80000, 0x0000000100000000)
  eden space 103936K, 0% used [0x00000000e0000000,0x00000000e0000000,0x00000000e6580000)
  from space 17408K, 55% used [0x00000000e7600000,0x00000000e7f73d10,0x00000000e8700000)
  to   space 16896K, 0% used [0x00000000e6580000,0x00000000e6580000,0x00000000e7600000)
 ParOldGen       total 100352K, used 25365K [0x00000000a0000000, 0x00000000a6200000, 0x00000000e0000000)
  object space 100352K, 25% used [0x00000000a0000000,0x00000000a18c5500,0x00000000a6200000)
 Metaspace       used 57714K, capacity 59104K, committed 59160K, reserved 1099776K
  class space    used 7754K, capacity 8171K, committed 8224K, reserved 1048576K
}
Event: 24.509 GC heap before
{Heap before GC invocations=17 (full 3):
 PSYoungGen      total 121344K, used 9679K [0x00000000e0000000, 0x00000000e8e80000, 0x0000000100000000)
  eden space 103936K, 0% used [0x00000000e0000000,0x00000000e0000000,0x00000000e6580000)
  from space 17408K, 55% used [0x00000000e7600000,0x00000000e7f73d10,0x00000000e8700000)
  to   space 16896K, 0% used [0x00000000e6580000,0x00000000e6580000,0x00000000e7600000)
 ParOldGen       total 100352K, used 25365K [0x00000000a0000000, 0x00000000a6200000, 0x00000000e0000000)
  object space 100352K, 25% used [0x00000000a0000000,0x00000000a18c5500,0x00000000a6200000)
 Metaspace       used 57714K, capacity 59104K, committed 59160K, reserved 1099776K
  class space    used 7754K, capacity 8171K, committed 8224K, reserved 1048576K
Event: 24.775 GC heap after
Heap after GC invocations=17 (full 3):
 PSYoungGen      total 121344K, used 0K [0x00000000e0000000, 0x00000000e8e80000, 0x0000000100000000)
  eden space 103936K, 0% used [0x00000000e0000000,0x00000000e0000000,0x00000000e6580000)
  from space 17408K, 0% used [0x00000000e7600000,0x00000000e7600000,0x00000000e8700000)
  to   space 16896K, 0% used [0x00000000e6580000,0x00000000e6580000,0x00000000e7600000)
 ParOldGen       total 137216K, used 28177K [0x00000000a0000000, 0x00000000a8600000, 0x00000000e0000000)
  object space 137216K, 20% used [0x00000000a0000000,0x00000000a1b84560,0x00000000a8600000)
 Metaspace       used 57714K, capacity 59104K, committed 59160K, reserved 1099776K
  class space    used 7754K, capacity 8171K, committed 8224K, reserved 1048576K
}
Event: 29.680 GC heap before
{Heap before GC invocations=18 (full 3):
 PSYoungGen      total 121344K, used 103936K [0x00000000e0000000, 0x00000000e8e80000, 0x0000000100000000)
  eden space 103936K, 100% used [0x00000000e0000000,0x00000000e6580000,0x00000000e6580000)
  from space 17408K, 0% used [0x00000000e7600000,0x00000000e7600000,0x00000000e8700000)
  to   space 16896K, 0% used [0x00000000e6580000,0x00000000e6580000,0x00000000e7600000)
 ParOldGen       total 137216K, used 28177K [0x00000000a0000000, 0x00000000a8600000, 0x00000000e0000000)
  object space 137216K, 20% used [0x00000000a0000000,0x00000000a1b84560,0x00000000a8600000)
 Metaspace       used 64527K, capacity 66074K, committed 66200K, reserved 1105920K
  class space    used 8666K, capacity 9098K, committed 9120K, reserved 1048576K
Event: 29.696 GC heap after
Heap after GC invocations=18 (full 3):
 PSYoungGen      total 120832K, used 10141K [0x00000000e0000000, 0x00000000ea100000, 0x0000000100000000)
  eden space 103936K, 0% used [0x00000000e0000000,0x00000000e0000000,0x00000000e6580000)
  from space 16896K, 60% used [0x00000000e6580000,0x00000000e6f675a8,0x00000000e7600000)
  to   space 16384K, 0% used [0x00000000e9100000,0x00000000e9100000,0x00000000ea100000)
 ParOldGen       total 137216K, used 28185K [0x00000000a0000000, 0x00000000a8600000, 0x00000000e0000000)
  object space 137216K, 20% used [0x00000000a0000000,0x00000000a1b86560,0x00000000a8600000)
 Metaspace       used 64527K, capacity 66074K, committed 66200K, reserved 1105920K
  class space    used 8666K, capacity 9098K, committed 9120K, reserved 1048576K
}

